-------------------------------------------------------------------------------
Test set: com.example.AppTest
-------------------------------------------------------------------------------
Tests run: 2, Failures: 1, Errors: 0, Skipped: 0, Time elapsed: 0.134 s <<< FAILURE! - in com.example.AppTest
shouldAnswerWithFalse(com.example.AppTest)  Time elapsed: 0.007 s  <<< FAILURE!
java.lang.AssertionError
	at com.example.AppTest.shouldAnswerWithFalse(AppTest.java:26)

